<?xml version="1.0" encoding="UTF-8"?>
<!-- Generated by org.testng.reporters.JUnitReportReporter -->
<testsuite hostname="LENOVO" failures="0" tests="1" name="test.HashbooshLoginTest" time="1.772" errors="0" timestamp="2023-08-14T13:25:47 IST" skipped="0">
  <testcase classname="test.HashbooshLoginTest" name="testlogin" time="1.772"/>
  <system-out/>
</testsuite> <!-- test.HashbooshLoginTest -->
