<?xml version="1.0" encoding="UTF-8"?>
<!-- Generated by org.testng.reporters.JUnitReportReporter -->
<testsuite hostname="LENOVO" failures="0" tests="1" name="test.SearchTest" time="0.661" errors="0" timestamp="2023-08-14T18:31:56 IST" skipped="0">
  <testcase classname="test.SearchTest" name="search" time="0.661"/>
  <system-out/>
</testsuite> <!-- test.SearchTest -->
