<?xml version="1.0" encoding="UTF-8"?>
<!-- Generated by org.testng.reporters.JUnitReportReporter -->
<testsuite hostname="LENOVO" failures="0" tests="7" name="test.LogoutTest" time="79.909" errors="0" timestamp="2023-08-16T10:52:02 IST" skipped="0">
  <testcase classname="test.LogoutTest" name="Hometest" time="6.080"/>
  <system-out/>
  <testcase classname="test.LogoutTest" name="logintest" time="12.269"/>
  <system-out/>
  <testcase classname="test.LogoutTest" name="hamselection" time="12.340"/>
  <system-out/>
  <testcase classname="test.LogoutTest" name="menuselection" time="24.693"/>
  <system-out/>
  <testcase classname="test.LogoutTest" name="shopping" time="9.215"/>
  <system-out/>
  <testcase classname="test.LogoutTest" name="wishtest" time="6.072"/>
  <system-out/>
  <testcase classname="test.LogoutTest" name="Signouttest" time="9.240"/>
  <system-out/>
</testsuite> <!-- test.LogoutTest -->
