<?xml version="1.0" encoding="UTF-8"?>
<!-- Generated by org.testng.reporters.JUnitReportReporter -->
<testsuite hostname="LENOVO" failures="0" tests="1" name="test.HashbooshCartTest" time="2.267" errors="0" timestamp="2023-08-14T12:34:08 IST" skipped="0">
  <testcase classname="test.HashbooshCartTest" name="testlogin" time="2.267"/>
  <system-out/>
</testsuite> <!-- test.HashbooshCartTest -->
