<?xml version="1.0" encoding="UTF-8"?>
<!-- Generated by org.testng.reporters.JUnitReportReporter -->
<testsuite hostname="LENOVO" failures="0" tests="3" name="test.HamburgerSelectionTest" time="30.748" errors="0" timestamp="2023-08-15T21:15:29 IST" skipped="0">
  <testcase classname="test.HamburgerSelectionTest" name="Hometest" time="6.083"/>
  <system-out/>
  <testcase classname="test.HamburgerSelectionTest" name="logintest" time="12.302"/>
  <system-out/>
  <testcase classname="test.HamburgerSelectionTest" name="hamselection" time="12.363"/>
  <system-out/>
</testsuite> <!-- test.HamburgerSelectionTest -->
